[debug] [2023-04-26T23:18:27.106Z] ----------------------------------------------------------------------
[debug] [2023-04-26T23:18:27.107Z] Command:       /Users/haeven/.nvm/versions/node/v16.17.1/bin/node /Users/haeven/.nvm/versions/node/v12.22.10/bin/firebase init
[debug] [2023-04-26T23:18:27.107Z] CLI Version:   11.29.1
[debug] [2023-04-26T23:18:27.107Z] Platform:      darwin
[debug] [2023-04-26T23:18:27.107Z] Node Version:  v16.17.1
[debug] [2023-04-26T23:18:27.108Z] Time:          Wed Apr 26 2023 18:18:27 GMT-0500 (Central Daylight Time)
[debug] [2023-04-26T23:18:27.108Z] ----------------------------------------------------------------------
[debug] 
[debug] [2023-04-26T23:18:27.140Z] > command requires scopes: ["email","openid","https://www.googleapis.com/auth/cloudplatformprojects.readonly","https://www.googleapis.com/auth/firebase","https://www.googleapis.com/auth/cloud-platform"]
[debug] [2023-04-26T23:18:27.140Z] > authorizing via signed-in user (haevenshane@gmail.com)
[info] 
     ######## #### ########  ######## ########     ###     ######  ########
     ##        ##  ##     ## ##       ##     ##  ##   ##  ##       ##
     ######    ##  ########  ######   ########  #########  ######  ######
     ##        ##  ##    ##  ##       ##     ## ##     ##       ## ##
     ##       #### ##     ## ######## ########  ##     ##  ######  ########

You're about to initialize a Firebase project in this directory:

  /Users/haeven/sofia/app

Before we get started, keep in mind:

  * You are initializing within an existing Firebase project directory

[info] 
=== Project Setup
[info] 
[info] First, let's associate this project directory with a Firebase project.
[info] You can create multiple project aliases by running firebase use --add, 
[info] but for now we'll just set up a default project.
[info] 
[info] i  .firebaserc already has a default project, using sofia-isi. 
[debug] [2023-04-26T23:19:50.376Z] >>> [apiv2][query] GET https://firebase.googleapis.com/v1beta1/projects/sofia-isi [none]
[debug] [2023-04-26T23:19:50.773Z] <<< [apiv2][status] GET https://firebase.googleapis.com/v1beta1/projects/sofia-isi 403
[debug] [2023-04-26T23:19:50.773Z] <<< [apiv2][body] GET https://firebase.googleapis.com/v1beta1/projects/sofia-isi {"error":{"code":403,"message":"The caller does not have permission","status":"PERMISSION_DENIED"}}
[debug] [2023-04-26T23:19:50.774Z] HTTP Error: 403, The caller does not have permission
[debug] [2023-04-26T23:19:50.935Z] FirebaseError: HTTP Error: 403, The caller does not have permission
    at responseToError (/Users/haeven/.nvm/versions/node/v12.22.10/lib/node_modules/firebase-tools/lib/responseToError.js:49:12)
    at RetryOperation._fn (/Users/haeven/.nvm/versions/node/v12.22.10/lib/node_modules/firebase-tools/lib/apiv2.js:288:77)
    at processTicksAndRejections (node:internal/process/task_queues:96:5)
[error] 
[error] Error: Failed to get Firebase project sofia-isi. Please make sure the project exists and your account has permission to access it.
[debug] [2023-04-26T23:20:45.232Z] ----------------------------------------------------------------------
[debug] [2023-04-26T23:20:45.233Z] Command:       /Users/haeven/.nvm/versions/node/v16.17.1/bin/node /Users/haeven/.nvm/versions/node/v12.22.10/bin/firebase init
[debug] [2023-04-26T23:20:45.233Z] CLI Version:   11.29.1
[debug] [2023-04-26T23:20:45.233Z] Platform:      darwin
[debug] [2023-04-26T23:20:45.233Z] Node Version:  v16.17.1
[debug] [2023-04-26T23:20:45.234Z] Time:          Wed Apr 26 2023 18:20:45 GMT-0500 (Central Daylight Time)
[debug] [2023-04-26T23:20:45.234Z] ----------------------------------------------------------------------
[debug] 
[debug] [2023-04-26T23:20:45.266Z] > command requires scopes: ["email","openid","https://www.googleapis.com/auth/cloudplatformprojects.readonly","https://www.googleapis.com/auth/firebase","https://www.googleapis.com/auth/cloud-platform"]
[debug] [2023-04-26T23:20:45.266Z] > authorizing via signed-in user (haevenshane@gmail.com)
[info] 
     ######## #### ########  ######## ########     ###     ######  ########
     ##        ##  ##     ## ##       ##     ##  ##   ##  ##       ##
     ######    ##  ########  ######   ########  #########  ######  ######
     ##        ##  ##    ##  ##       ##     ## ##     ##       ## ##
     ##       #### ##     ## ######## ########  ##     ##  ######  ########

You're about to initialize a Firebase project in this directory:

  /Users/haeven/sofia/app

Before we get started, keep in mind:

  * You are initializing within an existing Firebase project directory

[info] 
=== Project Setup
[info] 
[info] First, let's associate this project directory with a Firebase project.
[info] You can create multiple project aliases by running firebase use --add, 
[info] but for now we'll just set up a default project.
[info] 
[info] i  .firebaserc already has a default project, using sofia-isi. 
[debug] [2023-04-26T23:21:18.727Z] >>> [apiv2][query] GET https://firebase.googleapis.com/v1beta1/projects/sofia-isi [none]
[debug] [2023-04-26T23:21:19.013Z] <<< [apiv2][status] GET https://firebase.googleapis.com/v1beta1/projects/sofia-isi 403
[debug] [2023-04-26T23:21:19.013Z] <<< [apiv2][body] GET https://firebase.googleapis.com/v1beta1/projects/sofia-isi {"error":{"code":403,"message":"The caller does not have permission","status":"PERMISSION_DENIED"}}
[debug] [2023-04-26T23:21:19.014Z] HTTP Error: 403, The caller does not have permission
[debug] [2023-04-26T23:21:19.154Z] FirebaseError: HTTP Error: 403, The caller does not have permission
    at responseToError (/Users/haeven/.nvm/versions/node/v12.22.10/lib/node_modules/firebase-tools/lib/responseToError.js:49:12)
    at RetryOperation._fn (/Users/haeven/.nvm/versions/node/v12.22.10/lib/node_modules/firebase-tools/lib/apiv2.js:288:77)
    at processTicksAndRejections (node:internal/process/task_queues:96:5)
[error] 
[error] Error: Failed to get Firebase project sofia-isi. Please make sure the project exists and your account has permission to access it.
[debug] [2023-04-26T23:21:26.897Z] ----------------------------------------------------------------------
[debug] [2023-04-26T23:21:26.898Z] Command:       /Users/haeven/.nvm/versions/node/v16.17.1/bin/node /Users/haeven/.nvm/versions/node/v12.22.10/bin/firebase init
[debug] [2023-04-26T23:21:26.898Z] CLI Version:   11.29.1
[debug] [2023-04-26T23:21:26.898Z] Platform:      darwin
[debug] [2023-04-26T23:21:26.898Z] Node Version:  v16.17.1
[debug] [2023-04-26T23:21:26.899Z] Time:          Wed Apr 26 2023 18:21:26 GMT-0500 (Central Daylight Time)
[debug] [2023-04-26T23:21:26.899Z] ----------------------------------------------------------------------
[debug] 
[debug] [2023-04-26T23:21:26.931Z] > command requires scopes: ["email","openid","https://www.googleapis.com/auth/cloudplatformprojects.readonly","https://www.googleapis.com/auth/firebase","https://www.googleapis.com/auth/cloud-platform"]
[debug] [2023-04-26T23:21:26.931Z] > authorizing via signed-in user (haevenshane@gmail.com)
[info] 
     ######## #### ########  ######## ########     ###     ######  ########
     ##        ##  ##     ## ##       ##     ##  ##   ##  ##       ##
     ######    ##  ########  ######   ########  #########  ######  ######
     ##        ##  ##    ##  ##       ##     ## ##     ##       ## ##
     ##       #### ##     ## ######## ########  ##     ##  ######  ########

You're about to initialize a Firebase project in this directory:

  /Users/haeven/sofia/app

Before we get started, keep in mind:

  * You are initializing within an existing Firebase project directory

[info] 
=== Project Setup
[info] 
[info] First, let's associate this project directory with a Firebase project.
[info] You can create multiple project aliases by running firebase use --add, 
[info] but for now we'll just set up a default project.
[info] 
[info] i  .firebaserc already has a default project, using sofia. 
[debug] [2023-04-26T23:21:35.685Z] >>> [apiv2][query] GET https://firebase.googleapis.com/v1beta1/projects/sofia [none]
[debug] [2023-04-26T23:21:36.163Z] <<< [apiv2][status] GET https://firebase.googleapis.com/v1beta1/projects/sofia 403
[debug] [2023-04-26T23:21:36.164Z] <<< [apiv2][body] GET https://firebase.googleapis.com/v1beta1/projects/sofia {"error":{"code":403,"message":"The caller does not have permission","status":"PERMISSION_DENIED"}}
[debug] [2023-04-26T23:21:36.165Z] HTTP Error: 403, The caller does not have permission
[debug] [2023-04-26T23:21:36.341Z] FirebaseError: HTTP Error: 403, The caller does not have permission
    at responseToError (/Users/haeven/.nvm/versions/node/v12.22.10/lib/node_modules/firebase-tools/lib/responseToError.js:49:12)
    at RetryOperation._fn (/Users/haeven/.nvm/versions/node/v12.22.10/lib/node_modules/firebase-tools/lib/apiv2.js:288:77)
    at processTicksAndRejections (node:internal/process/task_queues:96:5)
[error] 
[error] Error: Failed to get Firebase project sofia. Please make sure the project exists and your account has permission to access it.
[debug] [2023-04-26T23:24:00.442Z] ----------------------------------------------------------------------
[debug] [2023-04-26T23:24:00.442Z] Command:       /Users/haeven/.nvm/versions/node/v16.17.1/bin/node /Users/haeven/.nvm/versions/node/v12.22.10/bin/firebase init
[debug] [2023-04-26T23:24:00.443Z] CLI Version:   11.29.1
[debug] [2023-04-26T23:24:00.443Z] Platform:      darwin
[debug] [2023-04-26T23:24:00.443Z] Node Version:  v16.17.1
[debug] [2023-04-26T23:24:00.443Z] Time:          Wed Apr 26 2023 18:24:00 GMT-0500 (Central Daylight Time)
[debug] [2023-04-26T23:24:00.444Z] ----------------------------------------------------------------------
[debug] 
[debug] [2023-04-26T23:24:00.478Z] > command requires scopes: ["email","openid","https://www.googleapis.com/auth/cloudplatformprojects.readonly","https://www.googleapis.com/auth/firebase","https://www.googleapis.com/auth/cloud-platform"]
[debug] [2023-04-26T23:24:00.478Z] > authorizing via signed-in user (haevenshane@gmail.com)
[info] 
     ######## #### ########  ######## ########     ###     ######  ########
     ##        ##  ##     ## ##       ##     ##  ##   ##  ##       ##
     ######    ##  ########  ######   ########  #########  ######  ######
     ##        ##  ##    ##  ##       ##     ## ##     ##       ## ##
     ##       #### ##     ## ######## ########  ##     ##  ######  ########

You're about to initialize a Firebase project in this directory:

  /Users/haeven/sofia/app

Before we get started, keep in mind:

  * You are initializing within an existing Firebase project directory

[info] 
=== Project Setup
[info] 
[info] First, let's associate this project directory with a Firebase project.
[info] You can create multiple project aliases by running firebase use --add, 
[info] but for now we'll just set up a default project.
[info] 
[info] i  .firebaserc already has a default project, using sofia. 
[debug] [2023-04-26T23:24:07.056Z] >>> [apiv2][query] GET https://firebase.googleapis.com/v1beta1/projects/sofia [none]
[debug] [2023-04-26T23:24:07.409Z] <<< [apiv2][status] GET https://firebase.googleapis.com/v1beta1/projects/sofia 403
[debug] [2023-04-26T23:24:07.409Z] <<< [apiv2][body] GET https://firebase.googleapis.com/v1beta1/projects/sofia {"error":{"code":403,"message":"The caller does not have permission","status":"PERMISSION_DENIED"}}
[debug] [2023-04-26T23:24:07.410Z] HTTP Error: 403, The caller does not have permission
[debug] [2023-04-26T23:24:07.560Z] FirebaseError: HTTP Error: 403, The caller does not have permission
    at responseToError (/Users/haeven/.nvm/versions/node/v12.22.10/lib/node_modules/firebase-tools/lib/responseToError.js:49:12)
    at RetryOperation._fn (/Users/haeven/.nvm/versions/node/v12.22.10/lib/node_modules/firebase-tools/lib/apiv2.js:288:77)
    at processTicksAndRejections (node:internal/process/task_queues:96:5)
[error] 
[error] Error: Failed to get Firebase project sofia. Please make sure the project exists and your account has permission to access it.
[debug] [2023-04-26T23:24:19.641Z] ----------------------------------------------------------------------
[debug] [2023-04-26T23:24:19.642Z] Command:       /Users/haeven/.nvm/versions/node/v16.17.1/bin/node /Users/haeven/.nvm/versions/node/v12.22.10/bin/firebase init
[debug] [2023-04-26T23:24:19.642Z] CLI Version:   11.29.1
[debug] [2023-04-26T23:24:19.642Z] Platform:      darwin
[debug] [2023-04-26T23:24:19.642Z] Node Version:  v16.17.1
[debug] [2023-04-26T23:24:19.643Z] Time:          Wed Apr 26 2023 18:24:19 GMT-0500 (Central Daylight Time)
[debug] [2023-04-26T23:24:19.643Z] ----------------------------------------------------------------------
[debug] 
[debug] [2023-04-26T23:24:19.675Z] > command requires scopes: ["email","openid","https://www.googleapis.com/auth/cloudplatformprojects.readonly","https://www.googleapis.com/auth/firebase","https://www.googleapis.com/auth/cloud-platform"]
[debug] [2023-04-26T23:24:19.675Z] > authorizing via signed-in user (haevenshane@gmail.com)
[info] 
     ######## #### ########  ######## ########     ###     ######  ########
     ##        ##  ##     ## ##       ##     ##  ##   ##  ##       ##
     ######    ##  ########  ######   ########  #########  ######  ######
     ##        ##  ##    ##  ##       ##     ## ##     ##       ## ##
     ##       #### ##     ## ######## ########  ##     ##  ######  ########

You're about to initialize a Firebase project in this directory:

  /Users/haeven/sofia/app

Before we get started, keep in mind:

  * You are initializing within an existing Firebase project directory

[info] 
=== Project Setup
[info] 
[info] First, let's associate this project directory with a Firebase project.
[info] You can create multiple project aliases by running firebase use --add, 
[info] but for now we'll just set up a default project.
[info] 
[info] i  .firebaserc already has a default project, using sofia-isi. 
[debug] [2023-04-26T23:24:25.180Z] >>> [apiv2][query] GET https://firebase.googleapis.com/v1beta1/projects/sofia-isi [none]
[debug] [2023-04-26T23:24:25.576Z] <<< [apiv2][status] GET https://firebase.googleapis.com/v1beta1/projects/sofia-isi 200
[debug] [2023-04-26T23:24:25.576Z] <<< [apiv2][body] GET https://firebase.googleapis.com/v1beta1/projects/sofia-isi {"projectId":"sofia-isi","projectNumber":"639326721437","displayName":"Sofia-isi","name":"projects/sofia-isi","resources":{"hostingSite":"sofia-isi"},"state":"ACTIVE","etag":"1_32bba7fb-4f1c-413f-8458-6248f8d0297b"}
[info] 
=== Hosting Setup
[info] 
[info] Your public directory is the folder (relative to your project directory) that
[info] will contain Hosting assets to be uploaded with firebase deploy. If you
[info] have a build process for your assets, use your build's output directory.
[info] 
[debug] [2023-04-26T23:25:15.100Z] >>> [apiv2][query] GET https://www.gstatic.com/firebasejs/releases.json [none]
[debug] [2023-04-26T23:25:15.203Z] <<< [apiv2][status] GET https://www.gstatic.com/firebasejs/releases.json 200
[debug] [2023-04-26T23:25:15.203Z] <<< [apiv2][body] GET https://www.gstatic.com/firebasejs/releases.json {"current":{"version":"9.20.0","browserURL":"https://www.gstatic.com/firebasejs/9.20.0/firebase.js","packageURL":"https://www.gstatic.com/firebasejs/9.20.0/firebase.tgz"},"live":{"version":"9.20","browserURL":"https://www.gstatic.com/firebasejs/live/9.20/firebase.js","packageURL":"https://www.gstatic.com/firebasejs/live/9.20/firebase.tgz"},"components":{"analytics":"https://www.gstatic.com/firebasejs/9.20.0/firebase-analytics.js","app":"https://www.gstatic.com/firebasejs/9.20.0/firebase-app.js","app-check":"https://www.gstatic.com/firebasejs/9.20.0/firebase-app-check.js","auth":"https://www.gstatic.com/firebasejs/9.20.0/firebase-auth.js","auth/cordova":"https://www.gstatic.com/firebasejs/9.20.0/firebase-auth/cordova.js","auth/react-native":"https://www.gstatic.com/firebasejs/9.20.0/firebase-auth/react-native.js","functions":"https://www.gstatic.com/firebasejs/9.20.0/firebase-functions.js","firestore":"https://www.gstatic.com/firebasejs/9.20.0/firebase-firestore.js","firestore/lite":"https://www.gstatic.com/firebasejs/9.20.0/firebase-firestore/lite.js","installations":"https://www.gstatic.com/firebasejs/9.20.0/firebase-installations.js","storage":"https://www.gstatic.com/firebasejs/9.20.0/firebase-storage.js","performance":"https://www.gstatic.com/firebasejs/9.20.0/firebase-performance.js","remote-config":"https://www.gstatic.com/firebasejs/9.20.0/firebase-remote-config.js","messaging":"https://www.gstatic.com/firebasejs/9.20.0/firebase-messaging.js","messaging/sw":"https://www.gstatic.com/firebasejs/9.20.0/firebase-messaging/sw.js","database":"https://www.gstatic.com/firebasejs/9.20.0/firebase-database.js","firestore.memory":"https://www.gstatic.com/firebasejs/9.20.0/firebase-firestore.memory.js"}}
[info] ✔  Wrote public/index.html 
[info] 
[info] i  Detected a .git folder at /Users/haeven/sofia 
[info] i  Authorizing with GitHub to upload your service account to a GitHub repository's secrets store. 
[info] 
[info] Visit this URL on this device to log in:
[info] https://github.com/login/oauth/authorize?client_id=89cf50f02ac6aaed3484&state=121089482&redirect_uri=http%3A%2F%2Flocalhost%3A9005&scope=read%3Auser%20repo%20public_repo
[info] 
[info] Waiting for authentication...
[debug] [2023-04-26T23:25:48.405Z] >>> [apiv2][query] POST https://github.com/login/oauth/access_token [none]
[debug] [2023-04-26T23:25:48.406Z] >>> [apiv2][body] POST https://github.com/login/oauth/access_token [stream]
[debug] [2023-04-26T23:25:48.741Z] <<< [apiv2][status] POST https://github.com/login/oauth/access_token 200
[debug] [2023-04-26T23:25:48.742Z] <<< [apiv2][body] POST https://github.com/login/oauth/access_token {"access_token":"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","token_type":"bearer","scope":"read:user,repo"}
[debug] [2023-04-26T23:25:48.759Z] >>> [apiv2][query] GET https://api.github.com/user [none]
[debug] [2023-04-26T23:25:49.067Z] <<< [apiv2][status] GET https://api.github.com/user 200
[debug] [2023-04-26T23:25:49.068Z] <<< [apiv2][body] GET https://api.github.com/user {"login":"Haeven","id":42015067,"node_id":"MDQ6VXNlcjQyMDE1MDY3","avatar_url":"https://avatars.githubusercontent.com/u/42015067?v=4","gravatar_id":"","url":"https://api.github.com/users/Haeven","html_url":"https://github.com/Haeven","followers_url":"https://api.github.com/users/Haeven/followers","following_url":"https://api.github.com/users/Haeven/following{/other_user}","gists_url":"https://api.github.com/users/Haeven/gists{/gist_id}","starred_url":"https://api.github.com/users/Haeven/starred{/owner}{/repo}","subscriptions_url":"https://api.github.com/users/Haeven/subscriptions","organizations_url":"https://api.github.com/users/Haeven/orgs","repos_url":"https://api.github.com/users/Haeven/repos","events_url":"https://api.github.com/users/Haeven/events{/privacy}","received_events_url":"https://api.github.com/users/Haeven/received_events","type":"User","site_admin":false,"name":"Havn Kelley","company":"Rares.io","blog":"","location":"Freeport, IL","email":"haevenshane@gmail.com","hireable":null,"bio":"Senior Full-Stack Dev","twitter_username":null,"public_repos":6,"public_gists":0,"followers":1,"following":1,"created_at":"2018-08-02T00:24:17Z","updated_at":"2023-04-11T02:25:23Z","private_gists":0,"total_private_repos":0,"owned_private_repos":0,"disk_usage":3602,"collaborators":0,"two_factor_authentication":true,"plan":{"name":"free","space":976562499,"collaborators":0,"private_repos":10000}}
[info] 
[info] ✔  Success! Logged into GitHub as Haeven 
[info] 
[debug] [2023-04-26T23:25:56.183Z] >>> [apiv2][query] GET https://api.github.com/repos//actions/secrets/public-key type=owner
[debug] [2023-04-26T23:25:56.363Z] <<< [apiv2][status] GET https://api.github.com/repos//actions/secrets/public-key 404
[debug] [2023-04-26T23:25:56.363Z] <<< [apiv2][body] GET https://api.github.com/repos//actions/secrets/public-key {"message":"Not Found","documentation_url":"https://docs.github.com/rest"}
[info] 
[info] 
[error] ⚠  The provided authorization cannot be used with this repository. If this repository is in an organization, did you remember to grant access? 
[info] 
[info] i  Action required: Visit this URL to ensure access has been granted to the appropriate organization(s) for the Firebase CLI GitHub OAuth App: 
[info] https://github.com/settings/connections/applications/89cf50f02ac6aaed3484
[info] 
[debug] [2023-04-26T23:25:58.564Z] >>> [apiv2][query] GET https://api.github.com/repos//actions/secrets/public-key type=owner
[debug] [2023-04-26T23:25:58.759Z] <<< [apiv2][status] GET https://api.github.com/repos//actions/secrets/public-key 404
[debug] [2023-04-26T23:25:58.759Z] <<< [apiv2][body] GET https://api.github.com/repos//actions/secrets/public-key {"message":"Not Found","documentation_url":"https://docs.github.com/rest"}
[info] 
[info] 
[error] ⚠  The provided authorization cannot be used with this repository. If this repository is in an organization, did you remember to grant access? 
[info] 
[info] i  Action required: Visit this URL to ensure access has been granted to the appropriate organization(s) for the Firebase CLI GitHub OAuth App: 
[info] https://github.com/settings/connections/applications/89cf50f02ac6aaed3484
[info] 
[debug] [2023-04-26T23:25:59.401Z] >>> [apiv2][query] GET https://api.github.com/repos//actions/secrets/public-key type=owner
[debug] [2023-04-26T23:25:59.587Z] <<< [apiv2][status] GET https://api.github.com/repos//actions/secrets/public-key 404
[debug] [2023-04-26T23:25:59.587Z] <<< [apiv2][body] GET https://api.github.com/repos//actions/secrets/public-key {"message":"Not Found","documentation_url":"https://docs.github.com/rest"}
[info] 
[info] 
[error] ⚠  The provided authorization cannot be used with this repository. If this repository is in an organization, did you remember to grant access? 
[info] 
[info] i  Action required: Visit this URL to ensure access has been granted to the appropriate organization(s) for the Firebase CLI GitHub OAuth App: 
[info] https://github.com/settings/connections/applications/89cf50f02ac6aaed3484
[info] 
